<?xml version="1.0" encoding="UTF-8"?>
<testng-results ignored="0" total="1" passed="1" failed="0" skipped="0">
  <reporter-output>
  </reporter-output>
  <suite started-at="2019-02-20T00:46:19Z" name="Default suite" finished-at="2019-02-20T00:46:19Z" duration-ms="93">
    <groups>
    </groups>
    <test started-at="2019-02-20T00:46:19Z" name="Default test" finished-at="2019-02-20T00:46:19Z" duration-ms="93">
      <class name="newpackage.SingleTonExample">
        <test-method signature="Hello()[pri:0, instance:newpackage.SingleTonExample@7c6908d7]" started-at="2019-02-20T00:46:19Z" name="Hello" finished-at="2019-02-20T00:46:19Z" duration-ms="31" status="PASS">
          <reporter-output>
          </reporter-output>
        </test-method> <!-- Hello -->
      </class> <!-- newpackage.SingleTonExample -->
    </test> <!-- Default test -->
  </suite> <!-- Default suite -->
</testng-results>
